c:\users\17842\downloads\directxtemplate-20250202t232321z-001\assignment1\assignment1\x64\debug\vc143.pdb
c:\users\17842\downloads\directxtemplate-20250202t232321z-001\assignment1\assignment1\x64\debug\vc143.idb
c:\users\17842\downloads\directxtemplate-20250202t232321z-001\assignment1\assignment1\x64\debug\week4-4-cylinderusingframeresources.obj
c:\users\17842\downloads\directxtemplate-20250202t232321z-001\assignment1\assignment1\x64\debug\frameresource.obj
c:\users\17842\downloads\directxtemplate-20250202t232321z-001\assignment1\assignment1\x64\debug\mathhelper.obj
c:\users\17842\downloads\directxtemplate-20250202t232321z-001\assignment1\assignment1\x64\debug\geometrygenerator.obj
c:\users\17842\downloads\directxtemplate-20250202t232321z-001\assignment1\assignment1\x64\debug\gametimer.obj
c:\users\17842\downloads\directxtemplate-20250202t232321z-001\assignment1\assignment1\x64\debug\ddstextureloader.obj
c:\users\17842\downloads\directxtemplate-20250202t232321z-001\assignment1\assignment1\x64\debug\d3dutil.obj
c:\users\17842\downloads\directxtemplate-20250202t232321z-001\assignment1\assignment1\x64\debug\d3dapp.obj
c:\users\17842\downloads\directxtemplate-20250202t232321z-001\assignment1\assignment1\x64\debug\camera.obj
c:\users\17842\downloads\directxtemplate-20250202t232321z-001\assignment1\x64\debug\color.cso
c:\users\17842\downloads\directxtemplate-20250202t232321z-001\assignment1\x64\debug\ps.cso
c:\users\17842\downloads\directxtemplate-20250202t232321z-001\assignment1\x64\debug\vs.cso
c:\users\17842\downloads\directxtemplate-20250202t232321z-001\assignment1\x64\debug\assignment1.exe
c:\users\17842\downloads\directxtemplate-20250202t232321z-001\assignment1\x64\debug\assignment1.pdb
c:\users\17842\downloads\directxtemplate-20250202t232321z-001\assignment1\assignment1\x64\debug\assignment1.ilk
c:\users\17842\downloads\directxtemplate-20250202t232321z-001\assignment1\assignment1\x64\debug\assignment1.tlog\cl.command.1.tlog
c:\users\17842\downloads\directxtemplate-20250202t232321z-001\assignment1\assignment1\x64\debug\assignment1.tlog\cl.items.tlog
c:\users\17842\downloads\directxtemplate-20250202t232321z-001\assignment1\assignment1\x64\debug\assignment1.tlog\cl.read.1.tlog
c:\users\17842\downloads\directxtemplate-20250202t232321z-001\assignment1\assignment1\x64\debug\assignment1.tlog\cl.write.1.tlog
c:\users\17842\downloads\directxtemplate-20250202t232321z-001\assignment1\assignment1\x64\debug\assignment1.tlog\fxc.command.1.tlog
c:\users\17842\downloads\directxtemplate-20250202t232321z-001\assignment1\assignment1\x64\debug\assignment1.tlog\fxc.read.1.tlog
c:\users\17842\downloads\directxtemplate-20250202t232321z-001\assignment1\assignment1\x64\debug\assignment1.tlog\fxc.write.1.tlog
c:\users\17842\downloads\directxtemplate-20250202t232321z-001\assignment1\assignment1\x64\debug\assignment1.tlog\link.command.1.tlog
c:\users\17842\downloads\directxtemplate-20250202t232321z-001\assignment1\assignment1\x64\debug\assignment1.tlog\link.read.1.tlog
c:\users\17842\downloads\directxtemplate-20250202t232321z-001\assignment1\assignment1\x64\debug\assignment1.tlog\link.secondary.1.tlog
c:\users\17842\downloads\directxtemplate-20250202t232321z-001\assignment1\assignment1\x64\debug\assignment1.tlog\link.write.1.tlog
